<?xml version="1.0" encoding="UTF-8"?>
<testng-results skipped="0" failed="1" ignored="0" total="1" passed="0">
  <reporter-output>
  </reporter-output>
  <suite name="Default suite" duration-ms="36019" started-at="2017-04-21T06:03:46Z" finished-at="2017-04-21T06:04:22Z">
    <groups>
    </groups>
    <test name="Default test" duration-ms="36019" started-at="2017-04-21T06:03:46Z" finished-at="2017-04-21T06:04:22Z">
      <class name="com.monotype.SAMSDashboards.testcases.LoginPageTestCases">
        <test-method status="PASS" signature="atBeforeSuite()[pri:0, instance:com.monotype.SAMSDashboards.testcases.LoginPageTestCases@6a4f787b]" name="atBeforeSuite" is-config="true" duration-ms="8972" started-at="2017-04-21T11:33:37Z" finished-at="2017-04-21T11:33:46Z">
          <reporter-output>
          </reporter-output>
        </test-method> <!-- atBeforeSuite -->
        <test-method status="PASS" signature="atBeforeTest()[pri:0, instance:com.monotype.SAMSDashboards.testcases.LoginPageTestCases@6a4f787b]" name="atBeforeTest" is-config="true" duration-ms="11383" started-at="2017-04-21T11:33:46Z" finished-at="2017-04-21T11:33:58Z">
          <reporter-output>
          </reporter-output>
        </test-method> <!-- atBeforeTest -->
        <test-method status="FAIL" signature="loginWithValidDetails()[pri:0, instance:com.monotype.SAMSDashboards.testcases.LoginPageTestCases@6a4f787b]" name="loginWithValidDetails" duration-ms="24603" started-at="2017-04-21T11:33:58Z" finished-at="2017-04-21T11:34:22Z">
          <exception class="java.lang.AssertionError">
            <message>
              <![CDATA[expected [true] but found [false]]]>
            </message>
            <full-stacktrace>
              <![CDATA[java.lang.AssertionError: expected [true] but found [false]
	at org.testng.Assert.fail(Assert.java:93)
	at org.testng.Assert.failNotEquals(Assert.java:512)
	at org.testng.Assert.assertTrue(Assert.java:41)
	at org.testng.Assert.assertTrue(Assert.java:51)
	at com.monotype.SAMSDashboards.testcases.LoginPageTestCases.loginWithValidDetails(LoginPageTestCases.java:21)
	at sun.reflect.NativeMethodAccessorImpl.invoke0(Native Method)
	at sun.reflect.NativeMethodAccessorImpl.invoke(NativeMethodAccessorImpl.java:62)
	at sun.reflect.DelegatingMethodAccessorImpl.invoke(DelegatingMethodAccessorImpl.java:43)
	at java.lang.reflect.Method.invoke(Method.java:498)
	at org.testng.internal.MethodInvocationHelper.invokeMethod(MethodInvocationHelper.java:108)
	at org.testng.internal.Invoker.invokeMethod(Invoker.java:661)
	at org.testng.internal.Invoker.invokeTestMethod(Invoker.java:869)
	at org.testng.internal.Invoker.invokeTestMethods(Invoker.java:1193)
	at org.testng.internal.TestMethodWorker.invokeTestMethods(TestMethodWorker.java:126)
	at org.testng.internal.TestMethodWorker.run(TestMethodWorker.java:109)
	at org.testng.TestRunner.privateRun(TestRunner.java:744)
	at org.testng.TestRunner.run(TestRunner.java:602)
	at org.testng.SuiteRunner.runTest(SuiteRunner.java:380)
	at org.testng.SuiteRunner.runSequentially(SuiteRunner.java:375)
	at org.testng.SuiteRunner.privateRun(SuiteRunner.java:340)
	at org.testng.SuiteRunner.run(SuiteRunner.java:289)
	at org.testng.SuiteRunnerWorker.runSuite(SuiteRunnerWorker.java:52)
	at org.testng.SuiteRunnerWorker.run(SuiteRunnerWorker.java:86)
	at org.testng.TestNG.runSuitesSequentially(TestNG.java:1301)
	at org.testng.TestNG.runSuitesLocally(TestNG.java:1226)
	at org.testng.TestNG.runSuites(TestNG.java:1144)
	at org.testng.TestNG.run(TestNG.java:1115)
	at org.testng.remote.AbstractRemoteTestNG.run(AbstractRemoteTestNG.java:132)
	at org.testng.remote.RemoteTestNG.initAndRun(RemoteTestNG.java:230)
	at org.testng.remote.RemoteTestNG.main(RemoteTestNG.java:76)
]]>
            </full-stacktrace>
          </exception> <!-- java.lang.AssertionError -->
          <reporter-output>
          </reporter-output>
        </test-method> <!-- loginWithValidDetails -->
      </class> <!-- com.monotype.SAMSDashboards.testcases.LoginPageTestCases -->
    </test> <!-- Default test -->
  </suite> <!-- Default suite -->
</testng-results>
